<?xml version="1.0" encoding="UTF-8" ?>
<testsuite tests="1" failures="1" name="com.testcases.TestPaginateList" time="11.905" errors="0" skipped="0">
  <properties>
[...]
</properties>
  <testcase classname="com.testcases.TestPaginateList" name="loginAsManager" time="11.905">
    <failure message="expected [true] but found [false]" type="java.lang.AssertionError">java.lang.AssertionError: expected [true] but found [false]
	at org.testng.Assert.fail(Assert.java:97)
	at org.testng.Assert.assertEqualsImpl(Assert.java:136)
	at org.testng.Assert.assertEquals(Assert.java:118)
	at org.testng.Assert.assertEquals(Assert.java:751)
	at org.testng.Assert.assertEquals(Assert.java:761)
	at com.testcases.TestPaginateList.loginAsManager(TestPaginateList.java:75)
</failure>
    <system-out>Configuring TestNG with: org.apache.maven.surefire.testng.conf.TestNG652Configurator@2aafb23c
</system-out>
    <system-err>Starting ChromeDriver 83.0.4103.39 (ccbf011cb2d2b19b506d844400483861342c20cd-refs/branch-heads/4103@{#416}) on port 20487
Only local connections are allowed.
Please see https://chromedriver.chromium.org/security-considerations for suggestions on keeping ChromeDriver safe.
ChromeDriver was started successfully.
Jul 01, 2020 9:42:33 PM org.openqa.selenium.remote.ProtocolHandshake createSession
INFO: Detected dialect: W3C
Jul 01, 2020 9:42:39 PM com.web.ui.WebElementHelpers sendKeyToTextBox
INFO: Clear text in text box
Jul 01, 2020 9:42:39 PM com.web.ui.WebElementHelpers sendKeyToTextBox
INFO: Send keys: apple into text box
Jul 01, 2020 9:42:40 PM com.web.ui.WebElementHelpers clickButton
INFO: Button is clicked.
Jul 01, 2020 9:42:43 PM com.web.ui.WebElementHelpers clickButton
INFO: Button is clicked.
</system-err>
  </testcase>
</testsuite>