<?xml version="1.0" encoding="UTF-8"?>
<testng-results ignored="0" total="1" passed="1" failed="0" skipped="0">
  <reporter-output>
  </reporter-output>
  <suite started-at="2020-07-01T21:44:18 ICT" name="com.testcases.SortByDate" finished-at="2020-07-01T21:44:35 ICT" duration-ms="17490">
    <groups>
    </groups>
    <test started-at="2020-07-01T21:44:18 ICT" name="Command line test" finished-at="2020-07-01T21:44:35 ICT" duration-ms="17490">
      <class name="com.testcases.SortByDate">
        <test-method is-config="true" signature="setUp()[pri:0, instance:com.testcases.SortByDate@6933b6c6]" started-at="2020-07-01T21:44:18 ICT" name="setUp" finished-at="2020-07-01T21:44:22 ICT" duration-ms="4273" status="PASS">
          <reporter-output>
          </reporter-output>
        </test-method> <!-- setUp -->
        <test-method signature="loginAsManager()[pri:0, instance:com.testcases.SortByDate@6933b6c6]" started-at="2020-07-01T21:44:22 ICT" name="loginAsManager" finished-at="2020-07-01T21:44:34 ICT" duration-ms="12323" status="PASS">
          <reporter-output>
          </reporter-output>
        </test-method> <!-- loginAsManager -->
        <test-method is-config="true" signature="tearDown()[pri:0, instance:com.testcases.SortByDate@6933b6c6]" started-at="2020-07-01T21:44:34 ICT" name="tearDown" finished-at="2020-07-01T21:44:35 ICT" duration-ms="851" status="PASS">
          <reporter-output>
          </reporter-output>
        </test-method> <!-- tearDown -->
      </class> <!-- com.testcases.SortByDate -->
    </test> <!-- Command line test -->
  </suite> <!-- com.testcases.SortByDate -->
</testng-results>
