<?xml version="1.0" encoding="UTF-8" ?>
<testsuite tests="1" failures="1" name="com.testcases.TestLogInFailPassword" time="18.544" errors="0" skipped="0">
  <properties>
[...]
</properties>
  <testcase classname="com.testcases.TestLogInFailPassword" name="loginFail" time="18.544">
    <failure message="no such element: Unable to locate element: {&quot;method&quot;:&quot;xpath&quot;,&quot;selector&quot;:&quot;//*[contains(text(),&apos;Your password is incorrect&apos;)]&quot;}
  (Session info: chrome=83.0.4103.106)
For documentation on this error, please visit: https://www.seleniumhq.org/exceptions/no_such_element.html
Build info: version: &apos;3.141.59&apos;, revision: &apos;e82be7d358&apos;, time: &apos;2018-11-14T08:17:03&apos;
System info: host: &apos;DESKTOP-2FF6TRF&apos;, ip: &apos;192.168.151.107&apos;, os.name: &apos;Windows 10&apos;, os.arch: &apos;amd64&apos;, os.version: &apos;10.0&apos;, java.version: &apos;13.0.1&apos;
Driver info: org.openqa.selenium.chrome.ChromeDriver
Capabilities {acceptInsecureCerts: false, browserName: chrome, browserVersion: 83.0.4103.106, chrome: {chromedriverVersion: 83.0.4103.39 (ccbf011cb2d2b..., userDataDir: C:\Users\TNG77\AppData\Loca...}, goog:chromeOptions: {debuggerAddress: localhost:54055}, javascriptEnabled: true, networkConnectionEnabled: false, pageLoadStrategy: normal, platform: WINDOWS, platformName: WINDOWS, proxy: Proxy(), setWindowRect: true, strictFileInteractability: false, timeouts: {implicit: 0, pageLoad: 300000, script: 30000}, unhandledPromptBehavior: dismiss and notify, webauthn:virtualAuthenticators: true}
Session ID: c09f1523ecfcf5e911e9b9540150be51
*** Element info: {Using=xpath, value=//*[contains(text(),&apos;Your password is incorrect&apos;)]}" type="org.openqa.selenium.NoSuchElementException">org.openqa.selenium.NoSuchElementException: no such element: Unable to locate element: {&quot;method&quot;:&quot;xpath&quot;,&quot;selector&quot;:&quot;//*[contains(text(),&apos;Your password is incorrect&apos;)]&quot;}
  (Session info: chrome=83.0.4103.106)
For documentation on this error, please visit: https://www.seleniumhq.org/exceptions/no_such_element.html
Build info: version: &apos;3.141.59&apos;, revision: &apos;e82be7d358&apos;, time: &apos;2018-11-14T08:17:03&apos;
System info: host: &apos;DESKTOP-2FF6TRF&apos;, ip: &apos;192.168.151.107&apos;, os.name: &apos;Windows 10&apos;, os.arch: &apos;amd64&apos;, os.version: &apos;10.0&apos;, java.version: &apos;13.0.1&apos;
Driver info: org.openqa.selenium.chrome.ChromeDriver
Capabilities {acceptInsecureCerts: false, browserName: chrome, browserVersion: 83.0.4103.106, chrome: {chromedriverVersion: 83.0.4103.39 (ccbf011cb2d2b..., userDataDir: C:\Users\TNG77\AppData\Loca...}, goog:chromeOptions: {debuggerAddress: localhost:54055}, javascriptEnabled: true, networkConnectionEnabled: false, pageLoadStrategy: normal, platform: WINDOWS, platformName: WINDOWS, proxy: Proxy(), setWindowRect: true, strictFileInteractability: false, timeouts: {implicit: 0, pageLoad: 300000, script: 30000}, unhandledPromptBehavior: dismiss and notify, webauthn:virtualAuthenticators: true}
Session ID: c09f1523ecfcf5e911e9b9540150be51
*** Element info: {Using=xpath, value=//*[contains(text(),&apos;Your password is incorrect&apos;)]}
	at jdk.internal.reflect.GeneratedConstructorAccessor12.newInstance(Unknown Source)
	at java.base/jdk.internal.reflect.DelegatingConstructorAccessorImpl.newInstance(DelegatingConstructorAccessorImpl.java:45)
	at java.base/java.lang.reflect.Constructor.newInstanceWithCaller(Constructor.java:500)
	at java.base/java.lang.reflect.Constructor.newInstance(Constructor.java:481)
	at org.openqa.selenium.remote.http.W3CHttpResponseCodec.createException(W3CHttpResponseCodec.java:187)
	at org.openqa.selenium.remote.http.W3CHttpResponseCodec.decode(W3CHttpResponseCodec.java:122)
	at org.openqa.selenium.remote.http.W3CHttpResponseCodec.decode(W3CHttpResponseCodec.java:49)
	at org.openqa.selenium.remote.HttpCommandExecutor.execute(HttpCommandExecutor.java:158)
	at org.openqa.selenium.remote.service.DriverCommandExecutor.execute(DriverCommandExecutor.java:83)
	at org.openqa.selenium.remote.RemoteWebDriver.execute(RemoteWebDriver.java:552)
	at org.openqa.selenium.remote.RemoteWebDriver.findElement(RemoteWebDriver.java:323)
	at org.openqa.selenium.remote.RemoteWebDriver.findElementByXPath(RemoteWebDriver.java:428)
	at org.openqa.selenium.By$ByXPath.findElement(By.java:353)
	at org.openqa.selenium.remote.RemoteWebDriver.findElement(RemoteWebDriver.java:315)
	at org.openqa.selenium.support.pagefactory.DefaultElementLocator.findElement(DefaultElementLocator.java:69)
	at org.openqa.selenium.support.pagefactory.internal.LocatingElementHandler.invoke(LocatingElementHandler.java:38)
	at com.sun.proxy.$Proxy13.getText(Unknown Source)
	at com.web.ui.WebElementHelpers.getTextInElement(WebElementHelpers.java:59)
	at com.pom.loginPage.LoginPagePassWord.errorMessage(LoginPagePassWord.java:58)
	at com.testcases.TestLogInFailPassword.loginFail(TestLogInFailPassword.java:76)
</failure>
    <system-out>Configuring TestNG with: org.apache.maven.surefire.testng.conf.TestNG652Configurator@2aafb23c
</system-out>
    <system-err>Starting ChromeDriver 83.0.4103.39 (ccbf011cb2d2b19b506d844400483861342c20cd-refs/branch-heads/4103@{#416}) on port 32323
Only local connections are allowed.
Please see https://chromedriver.chromium.org/security-considerations for suggestions on keeping ChromeDriver safe.
ChromeDriver was started successfully.
Jul 01, 2020 9:36:48 PM org.openqa.selenium.remote.ProtocolHandshake createSession
INFO: Detected dialect: W3C
Jul 01, 2020 9:36:55 PM com.web.ui.WebElementHelpers sendKeyToTextBox
INFO: Clear text in text box
Jul 01, 2020 9:36:55 PM com.web.ui.WebElementHelpers sendKeyToTextBox
INFO: Send keys: amazon.test.250620@gmail.com into text box
Jul 01, 2020 9:36:56 PM com.web.ui.WebElementHelpers submitButton
INFO: The button is submitted
Jul 01, 2020 9:36:57 PM com.web.ui.WebElementHelpers sendKeyToTextBox
INFO: Clear text in text box
Jul 01, 2020 9:36:57 PM com.web.ui.WebElementHelpers sendKeyToTextBox
INFO: Send keys: 12345 into text box
Jul 01, 2020 9:36:57 PM com.web.ui.WebElementHelpers submitButton
INFO: The button is submitted
Jul 01, 2020 9:37:08 PM com.web.ui.WebElementHelpers getTextInElement
INFO: Get text inner of Element
</system-err>
  </testcase>
</testsuite>