<?xml version="1.0" encoding="UTF-8"?>
<!-- Generated by org.testng.reporters.JUnitXMLReporter -->
<testsuite ignored="0" hostname="DESKTOP-2FF6TRF" failures="1" tests="1" name="Command line test" time="17.286" errors="0" timestamp="2020-07-01T21:42:47 ICT">
  <testcase classname="com.testcases.TestPaginateList" name="loginAsManager" time="11.894">
    <failure type="java.lang.AssertionError" message="expected [true] but found [false]">
      <![CDATA[java.lang.AssertionError: expected [true] but found [false]
at com.testcases.TestPaginateList.loginAsManager(TestPaginateList.java:75)
at java.base/java.util.ArrayList.forEach(ArrayList.java:1507)
... Removed 41 stack frames]]>
    </failure>
  </testcase> <!-- loginAsManager -->
</testsuite> <!-- Command line test -->
